{"C:\\APRENDENDO\\desafio-qualicorp\\back-end\\src\\Application\\Handlers\\Clients\\CreateClientHandler.ts": {"path":"C:\\APRENDENDO\\desafio-qualicorp\\back-end\\src\\Application\\Handlers\\Clients\\CreateClientHandler.ts","statementMap":{"0":{"start":{"line":4,"column":0},"end":{"line":4,"column":53}},"1":{"start":{"line":5,"column":0},"end":{"line":5,"column":68}},"2":{"start":{"line":6,"column":0},"end":{"line":6,"column":54}},"3":{"start":{"line":7,"column":0},"end":{"line":7,"column":78}},"4":{"start":{"line":8,"column":0},"end":{"line":8,"column":47}},"5":{"start":{"line":9,"column":0},"end":{"line":9,"column":56}},"6":{"start":{"line":10,"column":0},"end":{"line":10,"column":72}},"7":{"start":{"line":13,"column":0},"end":{"line":13,"column":21}},"8":{"start":{"line":18,"column":12},"end":{"line":18,"column":41}},"9":{"start":{"line":21,"column":10},"end":{"line":37,"column":null}},"10":{"start":{"line":22,"column":14},"end":{"line":22,"column":139}},"11":{"start":{"line":23,"column":14},"end":{"line":23,"column":45}},"12":{"start":{"line":25,"column":8},"end":{"line":26,"column":75}},"13":{"start":{"line":26,"column":12},"end":{"line":26,"column":75}},"14":{"start":{"line":28,"column":31},"end":{"line":28,"column":44}},"15":{"start":{"line":28,"column":44},"end":{"line":28,"column":95}},"16":{"start":{"line":28,"column":12},"end":{"line":28,"column":null}},"17":{"start":{"line":30,"column":8},"end":{"line":31,"column":106}},"18":{"start":{"line":31,"column":12},"end":{"line":31,"column":106}},"19":{"start":{"line":33,"column":30},"end":{"line":33,"column":null}},"20":{"start":{"line":33,"column":14},"end":{"line":33,"column":null}},"21":{"start":{"line":34,"column":14},"end":{"line":34,"column":51}},"22":{"start":{"line":36,"column":8},"end":{"line":36,"column":52}},"23":{"start":{"line":13,"column":21},"end":{"line":39,"column":null}},"24":{"start":{"line":39,"column":0},"end":{"line":39,"column":null}},"25":{"start":{"line":13,"column":21},"end":{"line":13,"column":null}}},"fnMap":{"0":{"name":"(anonymous_18)","decl":{"start":{"line":13,"column":0},"end":{"line":13,"column":21}},"loc":{"start":{"line":13,"column":0},"end":{"line":13,"column":21}}},"1":{"name":"CreateClientHandler","decl":{"start":{"line":17,"column":4},"end":{"line":17,"column":17}},"loc":{"start":{"line":17,"column":77},"end":{"line":19,"column":5}}},"2":{"name":"(anonymous_20)","decl":{"start":{"line":21,"column":4},"end":{"line":21,"column":10}},"loc":{"start":{"line":21,"column":29},"end":{"line":37,"column":null}}}},"branchMap":{"0":{"loc":{"start":{"line":25,"column":8},"end":{"line":26,"column":75}},"type":"if","locations":[{"start":{"line":25,"column":8},"end":{"line":26,"column":75}},{"start":{"line":25,"column":8},"end":{"line":26,"column":75}}]},"1":{"loc":{"start":{"line":30,"column":8},"end":{"line":31,"column":106}},"type":"if","locations":[{"start":{"line":30,"column":8},"end":{"line":31,"column":106}},{"start":{"line":30,"column":8},"end":{"line":31,"column":106}}]}},"s":{"0":1,"1":1,"2":1,"3":1,"4":1,"5":1,"6":1,"7":1,"8":1,"9":1,"10":2,"11":2,"12":2,"13":1,"14":1,"15":1,"16":1,"17":1,"18":0,"19":1,"20":1,"21":1,"22":1,"23":1,"24":1,"25":1},"f":{"0":1,"1":1,"2":2},"b":{"0":[1,1],"1":[0,1]}}
,"C:\\APRENDENDO\\desafio-qualicorp\\back-end\\src\\Application\\Handlers\\Clients\\DeleteClientHandler.ts": {"path":"C:\\APRENDENDO\\desafio-qualicorp\\back-end\\src\\Application\\Handlers\\Clients\\DeleteClientHandler.ts","statementMap":{"0":{"start":{"line":4,"column":0},"end":{"line":4,"column":68}},"1":{"start":{"line":5,"column":0},"end":{"line":5,"column":78}},"2":{"start":{"line":6,"column":0},"end":{"line":6,"column":39}},"3":{"start":{"line":7,"column":0},"end":{"line":7,"column":47}},"4":{"start":{"line":8,"column":0},"end":{"line":8,"column":56}},"5":{"start":{"line":9,"column":0},"end":{"line":9,"column":54}},"6":{"start":{"line":12,"column":0},"end":{"line":12,"column":21}},"7":{"start":{"line":17,"column":8},"end":{"line":17,"column":37}},"8":{"start":{"line":20,"column":10},"end":{"line":33,"column":null}},"9":{"start":{"line":22,"column":8},"end":{"line":23,"column":96}},"10":{"start":{"line":23,"column":12},"end":{"line":23,"column":96}},"11":{"start":{"line":25,"column":23},"end":{"line":25,"column":36}},"12":{"start":{"line":25,"column":36},"end":{"line":25,"column":78}},"13":{"start":{"line":25,"column":14},"end":{"line":25,"column":null}},"14":{"start":{"line":27,"column":8},"end":{"line":28,"column":103}},"15":{"start":{"line":28,"column":12},"end":{"line":28,"column":103}},"16":{"start":{"line":30,"column":24},"end":{"line":30,"column":null}},"17":{"start":{"line":30,"column":14},"end":{"line":30,"column":null}},"18":{"start":{"line":32,"column":8},"end":{"line":32,"column":80}},"19":{"start":{"line":12,"column":21},"end":{"line":35,"column":null}},"20":{"start":{"line":35,"column":0},"end":{"line":35,"column":null}},"21":{"start":{"line":12,"column":21},"end":{"line":12,"column":null}}},"fnMap":{"0":{"name":"(anonymous_18)","decl":{"start":{"line":12,"column":0},"end":{"line":12,"column":21}},"loc":{"start":{"line":12,"column":0},"end":{"line":12,"column":21}}},"1":{"name":"DeleteClientHandler","decl":{"start":{"line":16,"column":4},"end":{"line":16,"column":17}},"loc":{"start":{"line":16,"column":77},"end":{"line":18,"column":5}}},"2":{"name":"(anonymous_20)","decl":{"start":{"line":20,"column":4},"end":{"line":20,"column":10}},"loc":{"start":{"line":20,"column":29},"end":{"line":33,"column":null}}}},"branchMap":{"0":{"loc":{"start":{"line":22,"column":8},"end":{"line":23,"column":96}},"type":"if","locations":[{"start":{"line":22,"column":8},"end":{"line":23,"column":96}},{"start":{"line":22,"column":8},"end":{"line":23,"column":96}}]},"1":{"loc":{"start":{"line":27,"column":8},"end":{"line":28,"column":103}},"type":"if","locations":[{"start":{"line":27,"column":8},"end":{"line":28,"column":103}},{"start":{"line":27,"column":8},"end":{"line":28,"column":103}}]}},"s":{"0":1,"1":1,"2":1,"3":1,"4":1,"5":1,"6":1,"7":1,"8":1,"9":2,"10":1,"11":1,"12":1,"13":1,"14":1,"15":0,"16":1,"17":1,"18":1,"19":1,"20":1,"21":1},"f":{"0":1,"1":1,"2":2},"b":{"0":[1,1],"1":[0,1]}}
,"C:\\APRENDENDO\\desafio-qualicorp\\back-end\\src\\Application\\Handlers\\Clients\\GetAllClientsHandler.ts": {"path":"C:\\APRENDENDO\\desafio-qualicorp\\back-end\\src\\Application\\Handlers\\Clients\\GetAllClientsHandler.ts","statementMap":{"0":{"start":{"line":4,"column":0},"end":{"line":4,"column":68}},"1":{"start":{"line":5,"column":0},"end":{"line":5,"column":54}},"2":{"start":{"line":6,"column":0},"end":{"line":6,"column":78}},"3":{"start":{"line":7,"column":0},"end":{"line":7,"column":47}},"4":{"start":{"line":8,"column":0},"end":{"line":8,"column":56}},"5":{"start":{"line":11,"column":0},"end":{"line":11,"column":21}},"6":{"start":{"line":16,"column":8},"end":{"line":16,"column":37}},"7":{"start":{"line":19,"column":10},"end":{"line":27,"column":null}},"8":{"start":{"line":21,"column":27},"end":{"line":21,"column":40}},"9":{"start":{"line":21,"column":40},"end":{"line":21,"column":71}},"10":{"start":{"line":21,"column":14},"end":{"line":21,"column":null}},"11":{"start":{"line":23,"column":8},"end":{"line":24,"column":105}},"12":{"start":{"line":24,"column":12},"end":{"line":24,"column":105}},"13":{"start":{"line":26,"column":8},"end":{"line":26,"column":56}},"14":{"start":{"line":11,"column":21},"end":{"line":29,"column":null}},"15":{"start":{"line":29,"column":0},"end":{"line":29,"column":null}},"16":{"start":{"line":11,"column":21},"end":{"line":11,"column":null}}},"fnMap":{"0":{"name":"(anonymous_18)","decl":{"start":{"line":11,"column":0},"end":{"line":11,"column":21}},"loc":{"start":{"line":11,"column":0},"end":{"line":11,"column":21}}},"1":{"name":"GetAllClientsHandler","decl":{"start":{"line":15,"column":4},"end":{"line":15,"column":17}},"loc":{"start":{"line":15,"column":77},"end":{"line":17,"column":5}}},"2":{"name":"(anonymous_20)","decl":{"start":{"line":19,"column":4},"end":{"line":19,"column":10}},"loc":{"start":{"line":19,"column":29},"end":{"line":27,"column":null}}}},"branchMap":{"0":{"loc":{"start":{"line":23,"column":8},"end":{"line":24,"column":105}},"type":"if","locations":[{"start":{"line":23,"column":8},"end":{"line":24,"column":105}},{"start":{"line":23,"column":8},"end":{"line":24,"column":105}}]}},"s":{"0":1,"1":1,"2":1,"3":1,"4":1,"5":1,"6":1,"7":1,"8":1,"9":1,"10":1,"11":1,"12":0,"13":1,"14":1,"15":1,"16":1},"f":{"0":1,"1":1,"2":1},"b":{"0":[0,1]}}
,"C:\\APRENDENDO\\desafio-qualicorp\\back-end\\src\\Application\\Handlers\\Clients\\GetClientByIdHandler.ts": {"path":"C:\\APRENDENDO\\desafio-qualicorp\\back-end\\src\\Application\\Handlers\\Clients\\GetClientByIdHandler.ts","statementMap":{"0":{"start":{"line":4,"column":0},"end":{"line":4,"column":68}},"1":{"start":{"line":5,"column":0},"end":{"line":5,"column":54}},"2":{"start":{"line":6,"column":0},"end":{"line":6,"column":78}},"3":{"start":{"line":7,"column":0},"end":{"line":7,"column":39}},"4":{"start":{"line":8,"column":0},"end":{"line":8,"column":47}},"5":{"start":{"line":9,"column":0},"end":{"line":9,"column":56}},"6":{"start":{"line":13,"column":0},"end":{"line":13,"column":21}},"7":{"start":{"line":18,"column":8},"end":{"line":18,"column":37}},"8":{"start":{"line":21,"column":10},"end":{"line":32,"column":null}},"9":{"start":{"line":23,"column":8},"end":{"line":24,"column":96}},"10":{"start":{"line":24,"column":12},"end":{"line":24,"column":96}},"11":{"start":{"line":26,"column":23},"end":{"line":26,"column":36}},"12":{"start":{"line":26,"column":36},"end":{"line":26,"column":78}},"13":{"start":{"line":26,"column":14},"end":{"line":26,"column":null}},"14":{"start":{"line":28,"column":8},"end":{"line":29,"column":103}},"15":{"start":{"line":29,"column":12},"end":{"line":29,"column":103}},"16":{"start":{"line":31,"column":8},"end":{"line":31,"column":52}},"17":{"start":{"line":13,"column":21},"end":{"line":34,"column":null}},"18":{"start":{"line":34,"column":0},"end":{"line":34,"column":null}},"19":{"start":{"line":13,"column":21},"end":{"line":13,"column":null}}},"fnMap":{"0":{"name":"(anonymous_18)","decl":{"start":{"line":13,"column":0},"end":{"line":13,"column":21}},"loc":{"start":{"line":13,"column":0},"end":{"line":13,"column":21}}},"1":{"name":"GetClientByIdHandler","decl":{"start":{"line":17,"column":4},"end":{"line":17,"column":17}},"loc":{"start":{"line":17,"column":77},"end":{"line":19,"column":5}}},"2":{"name":"(anonymous_20)","decl":{"start":{"line":21,"column":4},"end":{"line":21,"column":10}},"loc":{"start":{"line":21,"column":29},"end":{"line":32,"column":null}}}},"branchMap":{"0":{"loc":{"start":{"line":23,"column":8},"end":{"line":24,"column":96}},"type":"if","locations":[{"start":{"line":23,"column":8},"end":{"line":24,"column":96}},{"start":{"line":23,"column":8},"end":{"line":24,"column":96}}]},"1":{"loc":{"start":{"line":28,"column":8},"end":{"line":29,"column":103}},"type":"if","locations":[{"start":{"line":28,"column":8},"end":{"line":29,"column":103}},{"start":{"line":28,"column":8},"end":{"line":29,"column":103}}]}},"s":{"0":1,"1":1,"2":1,"3":1,"4":1,"5":1,"6":1,"7":1,"8":1,"9":2,"10":1,"11":1,"12":1,"13":1,"14":1,"15":0,"16":1,"17":1,"18":1,"19":1},"f":{"0":1,"1":1,"2":2},"b":{"0":[1,1],"1":[0,1]}}
,"C:\\APRENDENDO\\desafio-qualicorp\\back-end\\src\\Application\\Handlers\\Clients\\UpdateClientHandler.ts": {"path":"C:\\APRENDENDO\\desafio-qualicorp\\back-end\\src\\Application\\Handlers\\Clients\\UpdateClientHandler.ts","statementMap":{"0":{"start":{"line":4,"column":0},"end":{"line":4,"column":53}},"1":{"start":{"line":5,"column":0},"end":{"line":5,"column":68}},"2":{"start":{"line":6,"column":0},"end":{"line":6,"column":54}},"3":{"start":{"line":7,"column":0},"end":{"line":7,"column":78}},"4":{"start":{"line":8,"column":0},"end":{"line":8,"column":47}},"5":{"start":{"line":9,"column":0},"end":{"line":9,"column":56}},"6":{"start":{"line":10,"column":0},"end":{"line":10,"column":72}},"7":{"start":{"line":13,"column":0},"end":{"line":13,"column":21}},"8":{"start":{"line":18,"column":8},"end":{"line":18,"column":37}},"9":{"start":{"line":21,"column":10},"end":{"line":47,"column":null}},"10":{"start":{"line":22,"column":14},"end":{"line":22,"column":146}},"11":{"start":{"line":24,"column":14},"end":{"line":24,"column":45}},"12":{"start":{"line":26,"column":8},"end":{"line":27,"column":75}},"13":{"start":{"line":27,"column":12},"end":{"line":27,"column":75}},"14":{"start":{"line":29,"column":35},"end":{"line":29,"column":48}},"15":{"start":{"line":29,"column":48},"end":{"line":29,"column":90}},"16":{"start":{"line":29,"column":14},"end":{"line":29,"column":null}},"17":{"start":{"line":31,"column":8},"end":{"line":32,"column":103}},"18":{"start":{"line":32,"column":12},"end":{"line":32,"column":103}},"19":{"start":{"line":35,"column":12},"end":{"line":35,"column":18}},"20":{"start":{"line":36,"column":34},"end":{"line":36,"column":47}},"21":{"start":{"line":36,"column":47},"end":{"line":36,"column":98}},"22":{"start":{"line":36,"column":16},"end":{"line":36,"column":null}},"23":{"start":{"line":38,"column":12},"end":{"line":39,"column":110}},"24":{"start":{"line":39,"column":16},"end":{"line":39,"column":110}},"25":{"start":{"line":42,"column":29},"end":{"line":42,"column":null}},"26":{"start":{"line":42,"column":14},"end":{"line":42,"column":null}},"27":{"start":{"line":44,"column":14},"end":{"line":44,"column":50}},"28":{"start":{"line":46,"column":8},"end":{"line":46,"column":52}},"29":{"start":{"line":13,"column":21},"end":{"line":49,"column":null}},"30":{"start":{"line":49,"column":0},"end":{"line":49,"column":null}},"31":{"start":{"line":13,"column":21},"end":{"line":13,"column":null}}},"fnMap":{"0":{"name":"(anonymous_18)","decl":{"start":{"line":13,"column":0},"end":{"line":13,"column":21}},"loc":{"start":{"line":13,"column":0},"end":{"line":13,"column":21}}},"1":{"name":"UpdateClientHandler","decl":{"start":{"line":17,"column":4},"end":{"line":17,"column":17}},"loc":{"start":{"line":17,"column":77},"end":{"line":19,"column":5}}},"2":{"name":"(anonymous_20)","decl":{"start":{"line":21,"column":4},"end":{"line":21,"column":10}},"loc":{"start":{"line":21,"column":29},"end":{"line":47,"column":null}}}},"branchMap":{"0":{"loc":{"start":{"line":42,"column":29},"end":{"line":42,"column":null}},"type":"switch","locations":[{"start":{"line":42,"column":29},"end":{"line":42,"column":null}}]},"1":{"loc":{"start":{"line":26,"column":8},"end":{"line":27,"column":75}},"type":"if","locations":[{"start":{"line":26,"column":8},"end":{"line":27,"column":75}},{"start":{"line":26,"column":8},"end":{"line":27,"column":75}}]},"2":{"loc":{"start":{"line":31,"column":8},"end":{"line":32,"column":103}},"type":"if","locations":[{"start":{"line":31,"column":8},"end":{"line":32,"column":103}},{"start":{"line":31,"column":8},"end":{"line":32,"column":103}}]},"3":{"loc":{"start":{"line":35,"column":12},"end":{"line":35,"column":18}},"type":"if","locations":[{"start":{"line":35,"column":12},"end":{"line":35,"column":18}},{"start":{"line":35,"column":12},"end":{"line":35,"column":18}}]},"4":{"loc":{"start":{"line":38,"column":12},"end":{"line":39,"column":110}},"type":"if","locations":[{"start":{"line":38,"column":12},"end":{"line":39,"column":110}},{"start":{"line":38,"column":12},"end":{"line":39,"column":110}}]}},"s":{"0":1,"1":1,"2":1,"3":1,"4":1,"5":1,"6":1,"7":1,"8":1,"9":1,"10":2,"11":2,"12":2,"13":1,"14":1,"15":1,"16":1,"17":1,"18":0,"19":1,"20":1,"21":1,"22":1,"23":1,"24":0,"25":1,"26":1,"27":1,"28":1,"29":1,"30":1,"31":1},"f":{"0":1,"1":1,"2":2},"b":{"0":[1],"1":[1,1],"2":[0,1],"3":[0,1],"4":[0,1]}}
,"C:\\APRENDENDO\\desafio-qualicorp\\back-end\\src\\Application\\Mappers\\ClientMapper.ts": {"path":"C:\\APRENDENDO\\desafio-qualicorp\\back-end\\src\\Application\\Mappers\\ClientMapper.ts","statementMap":{"0":{"start":{"line":2,"column":0},"end":{"line":2,"column":50}},"1":{"start":{"line":4,"column":31},"end":{"line":4,"column":33}},"2":{"start":{"line":6,"column":4},"end":{"line":11,"column":7}},"3":{"start":{"line":8,"column":8},"end":{"line":10,"column":104}},"4":{"start":{"line":13,"column":4},"end":{"line":13,"column":22}},"5":{"start":{"line":3,"column":0},"end":{"line":3,"column":24}}},"fnMap":{"0":{"name":"ClientMapper","decl":{"start":{"line":3,"column":24},"end":{"line":3,"column":36}},"loc":{"start":{"line":3,"column":62},"end":{"line":14,"column":1}}},"1":{"name":"(anonymous_2)","decl":{"start":{"line":6,"column":33},"end":{"line":6,"column":34}},"loc":{"start":{"line":6,"column":39},"end":{"line":11,"column":5}}}},"branchMap":{},"s":{"0":1,"1":8,"2":8,"3":6,"4":8,"5":1},"f":{"0":8,"1":6},"b":{}}
,"C:\\APRENDENDO\\desafio-qualicorp\\back-end\\src\\CrossCutting\\BooleanParse\\index.ts": {"path":"C:\\APRENDENDO\\desafio-qualicorp\\back-end\\src\\CrossCutting\\BooleanParse\\index.ts","statementMap":{"0":{"start":{"line":2,"column":4},"end":{"line":9,"column":null}},"1":{"start":{"line":4,"column":10},"end":{"line":4,"column":22}},"2":{"start":{"line":6,"column":10},"end":{"line":6,"column":23}},"3":{"start":{"line":8,"column":10},"end":{"line":8,"column":22}},"4":{"start":{"line":1,"column":0},"end":{"line":1,"column":24}}},"fnMap":{"0":{"name":"ConvertStringToBoolean","decl":{"start":{"line":1,"column":24},"end":{"line":1,"column":46}},"loc":{"start":{"line":1,"column":56},"end":{"line":10,"column":1}}}},"branchMap":{"0":{"loc":{"start":{"line":3,"column":8},"end":{"line":4,"column":22}},"type":"switch","locations":[{"start":{"line":3,"column":8},"end":{"line":4,"column":22}},{"start":{"line":5,"column":8},"end":{"line":6,"column":23}},{"start":{"line":7,"column":8},"end":{"line":8,"column":22}}]}},"s":{"0":4,"1":2,"2":0,"3":2,"4":1},"f":{"0":4},"b":{"0":[2,0,2]}}
,"C:\\APRENDENDO\\desafio-qualicorp\\back-end\\src\\CrossCutting\\IoC\\Types.ts": {"path":"C:\\APRENDENDO\\desafio-qualicorp\\back-end\\src\\CrossCutting\\IoC\\Types.ts","statementMap":{"0":{"start":{"line":1,"column":14},"end":{"line":19,"column":2}},"1":{"start":{"line":21,"column":9},"end":{"line":21,"column":14}}},"fnMap":{},"branchMap":{},"s":{"0":1,"1":1},"f":{},"b":{}}
,"C:\\APRENDENDO\\desafio-qualicorp\\back-end\\src\\Domain\\Entities\\BaseEntity.ts": {"path":"C:\\APRENDENDO\\desafio-qualicorp\\back-end\\src\\Domain\\Entities\\BaseEntity.ts","statementMap":{"0":{"start":{"line":1,"column":0},"end":{"line":1,"column":28}},"1":{"start":{"line":2,"column":0},"end":{"line":2,"column":null}},"2":{"start":{"line":8,"column":8},"end":{"line":8,"column":68}},"3":{"start":{"line":11,"column":11},"end":{"line":13,"column":null}},"4":{"start":{"line":12,"column":8},"end":{"line":12,"column":36}},"5":{"start":{"line":15,"column":11},"end":{"line":17,"column":null}},"6":{"start":{"line":16,"column":8},"end":{"line":16,"column":47}},"7":{"start":{"line":19,"column":11},"end":{"line":24,"column":null}},"8":{"start":{"line":20,"column":8},"end":{"line":21,"column":51}},"9":{"start":{"line":21,"column":12},"end":{"line":21,"column":51}},"10":{"start":{"line":23,"column":8},"end":{"line":23,"column":20}},"11":{"start":{"line":26,"column":0},"end":{"line":26,"column":null}}},"fnMap":{"0":{"name":"(anonymous_1)","decl":{"start":{"line":2,"column":0},"end":{"line":2,"column":null}},"loc":{"start":{"line":2,"column":0},"end":{"line":26,"column":null}}},"1":{"name":"BaseEntity","decl":{"start":{"line":7,"column":4},"end":{"line":7,"column":16}},"loc":{"start":{"line":7,"column":32},"end":{"line":9,"column":5}}},"2":{"name":"(anonymous_3)","decl":{"start":{"line":11,"column":4},"end":{"line":11,"column":11}},"loc":{"start":{"line":11,"column":4},"end":{"line":13,"column":5}}},"3":{"name":"(anonymous_4)","decl":{"start":{"line":15,"column":4},"end":{"line":15,"column":11}},"loc":{"start":{"line":15,"column":4},"end":{"line":17,"column":5}}},"4":{"name":"(anonymous_5)","decl":{"start":{"line":19,"column":4},"end":{"line":19,"column":11}},"loc":{"start":{"line":19,"column":4},"end":{"line":24,"column":5}}}},"branchMap":{"0":{"loc":{"start":{"line":8,"column":45},"end":{"line":8,"column":55}},"type":"cond-expr","locations":[{"start":{"line":8,"column":45},"end":{"line":8,"column":55}},{"start":{"line":8,"column":58},"end":{"line":8,"column":67}}]},"1":{"loc":{"start":{"line":20,"column":8},"end":{"line":21,"column":51}},"type":"if","locations":[{"start":{"line":20,"column":8},"end":{"line":21,"column":51}},{"start":{"line":20,"column":8},"end":{"line":21,"column":51}}]},"2":{"loc":{"start":{"line":20,"column":12},"end":{"line":20,"column":34}},"type":"binary-expr","locations":[{"start":{"line":20,"column":12},"end":{"line":20,"column":34}},{"start":{"line":20,"column":38},"end":{"line":20,"column":65}}]}},"s":{"0":1,"1":1,"2":17,"3":1,"4":0,"5":1,"6":42,"7":1,"8":42,"9":0,"10":42,"11":1},"f":{"0":1,"1":17,"2":0,"3":42,"4":42},"b":{"0":[11,6],"1":[0,42],"2":[42,42]}}
,"C:\\APRENDENDO\\desafio-qualicorp\\back-end\\src\\Domain\\Entities\\Client.ts": {"path":"C:\\APRENDENDO\\desafio-qualicorp\\back-end\\src\\Domain\\Entities\\Client.ts","statementMap":{"0":{"start":{"line":2,"column":0},"end":{"line":2,"column":91}},"1":{"start":{"line":3,"column":0},"end":{"line":3,"column":39}},"2":{"start":{"line":4,"column":0},"end":{"line":4,"column":38}},"3":{"start":{"line":5,"column":0},"end":{"line":5,"column":28}},"4":{"start":{"line":7,"column":0},"end":{"line":7,"column":62}},"5":{"start":{"line":9,"column":0},"end":{"line":9,"column":null}},"6":{"start":{"line":9,"column":36},"end":{"line":9,"column":46}},"7":{"start":{"line":27,"column":8},"end":{"line":27,"column":null}},"8":{"start":{"line":28,"column":8},"end":{"line":28,"column":61}},"9":{"start":{"line":29,"column":8},"end":{"line":29,"column":53}},"10":{"start":{"line":30,"column":8},"end":{"line":30,"column":33}},"11":{"start":{"line":31,"column":8},"end":{"line":31,"column":55}},"12":{"start":{"line":32,"column":8},"end":{"line":32,"column":33}},"13":{"start":{"line":33,"column":8},"end":{"line":33,"column":35}},"14":{"start":{"line":36,"column":11},"end":{"line":38,"column":null}},"15":{"start":{"line":37,"column":8},"end":{"line":37,"column":46}},"16":{"start":{"line":40,"column":11},"end":{"line":50,"column":null}},"17":{"start":{"line":41,"column":8},"end":{"line":49,"column":null}},"18":{"start":{"line":52,"column":11},"end":{"line":58,"column":null}},"19":{"start":{"line":53,"column":23},"end":{"line":53,"column":41}},"20":{"start":{"line":55,"column":8},"end":{"line":55,"column":75}},"21":{"start":{"line":55,"column":33},"end":{"line":55,"column":75}},"22":{"start":{"line":57,"column":8},"end":{"line":57,"column":45}},"23":{"start":{"line":12,"column":4},"end":{"line":12,"column":null}},"24":{"start":{"line":15,"column":4},"end":{"line":15,"column":null}},"25":{"start":{"line":18,"column":4},"end":{"line":18,"column":null}},"26":{"start":{"line":21,"column":4},"end":{"line":21,"column":null}},"27":{"start":{"line":24,"column":4},"end":{"line":24,"column":null}},"28":{"start":{"line":62,"column":0},"end":{"line":62,"column":null}},"29":{"start":{"line":9,"column":21},"end":{"line":9,"column":36}}},"fnMap":{"0":{"name":"(anonymous_9)","decl":{"start":{"line":9,"column":0},"end":{"line":9,"column":21}},"loc":{"start":{"line":9,"column":0},"end":{"line":9,"column":21}}},"1":{"name":"CLient","decl":{"start":{"line":26,"column":4},"end":{"line":26,"column":16}},"loc":{"start":{"line":26,"column":133},"end":{"line":34,"column":5}}},"2":{"name":"(anonymous_11)","decl":{"start":{"line":36,"column":4},"end":{"line":36,"column":11}},"loc":{"start":{"line":36,"column":4},"end":{"line":38,"column":5}}},"3":{"name":"(anonymous_12)","decl":{"start":{"line":40,"column":4},"end":{"line":40,"column":11}},"loc":{"start":{"line":40,"column":4},"end":{"line":50,"column":5}}},"4":{"name":"(anonymous_13)","decl":{"start":{"line":52,"column":4},"end":{"line":52,"column":11}},"loc":{"start":{"line":52,"column":4},"end":{"line":58,"column":5}}}},"branchMap":{"0":{"loc":{"start":{"line":27,"column":8},"end":{"line":27,"column":24}},"type":"binary-expr","locations":[{"start":{"line":27,"column":8},"end":{"line":27,"column":24}},{"start":{"line":27,"column":24},"end":{"line":27,"column":null}}]},"1":{"loc":{"start":{"line":28,"column":31},"end":{"line":28,"column":55}},"type":"cond-expr","locations":[{"start":{"line":28,"column":31},"end":{"line":28,"column":55}},{"start":{"line":28,"column":58},"end":{"line":28,"column":60}}]},"2":{"loc":{"start":{"line":29,"column":24},"end":{"line":29,"column":26}},"type":"cond-expr","locations":[{"start":{"line":29,"column":24},"end":{"line":29,"column":26}},{"start":{"line":29,"column":20},"end":{"line":29,"column":52}}]},"3":{"loc":{"start":{"line":29,"column":20},"end":{"line":29,"column":26}},"type":"binary-expr","locations":[{"start":{"line":29,"column":20},"end":{"line":29,"column":26}},{"start":{"line":29,"column":20},"end":{"line":29,"column":26}}]},"4":{"loc":{"start":{"line":31,"column":26},"end":{"line":31,"column":28}},"type":"cond-expr","locations":[{"start":{"line":31,"column":26},"end":{"line":31,"column":28}},{"start":{"line":31,"column":21},"end":{"line":31,"column":54}}]},"5":{"loc":{"start":{"line":31,"column":21},"end":{"line":31,"column":28}},"type":"binary-expr","locations":[{"start":{"line":31,"column":21},"end":{"line":31,"column":28}},{"start":{"line":31,"column":21},"end":{"line":31,"column":28}}]},"6":{"loc":{"start":{"line":55,"column":8},"end":{"line":55,"column":75}},"type":"if","locations":[{"start":{"line":55,"column":8},"end":{"line":55,"column":75}},{"start":{"line":55,"column":8},"end":{"line":55,"column":75}}]}},"s":{"0":1,"1":1,"2":1,"3":1,"4":1,"5":1,"6":1,"7":17,"8":17,"9":17,"10":17,"11":17,"12":17,"13":17,"14":1,"15":42,"16":1,"17":42,"18":1,"19":4,"20":4,"21":2,"22":2,"23":1,"24":1,"25":1,"26":1,"27":1,"28":1,"29":1},"f":{"0":1,"1":17,"2":42,"3":42,"4":4},"b":{"0":[17,17],"1":[4,13],"2":[0,17],"3":[17,17],"4":[0,17],"5":[17,17],"6":[2,2]}}
,"C:\\APRENDENDO\\desafio-qualicorp\\back-end\\src\\Domain\\Responses\\BasicResponse.ts": {"path":"C:\\APRENDENDO\\desafio-qualicorp\\back-end\\src\\Domain\\Responses\\BasicResponse.ts","statementMap":{"0":{"start":{"line":3,"column":0},"end":{"line":3,"column":null}},"1":{"start":{"line":10,"column":12},"end":{"line":10,"column":35}},"2":{"start":{"line":11,"column":12},"end":{"line":11,"column":35}},"3":{"start":{"line":12,"column":12},"end":{"line":12,"column":33}},"4":{"start":{"line":13,"column":12},"end":{"line":13,"column":29}},"5":{"start":{"line":16,"column":0},"end":{"line":16,"column":null}}},"fnMap":{"0":{"name":"(anonymous_0)","decl":{"start":{"line":3,"column":0},"end":{"line":3,"column":null}},"loc":{"start":{"line":3,"column":0},"end":{"line":16,"column":null}}},"1":{"name":"BasicResponse","decl":{"start":{"line":9,"column":4},"end":{"line":9,"column":17}},"loc":{"start":{"line":9,"column":82},"end":{"line":14,"column":5}}}},"branchMap":{},"s":{"0":1,"1":9,"2":9,"3":9,"4":9,"5":1},"f":{"0":1,"1":9},"b":{}}
,"C:\\APRENDENDO\\desafio-qualicorp\\back-end\\src\\Domain\\Responses\\CustomNotification.ts": {"path":"C:\\APRENDENDO\\desafio-qualicorp\\back-end\\src\\Domain\\Responses\\CustomNotification.ts","statementMap":{"0":{"start":{"line":3,"column":0},"end":{"line":3,"column":null}},"1":{"start":{"line":7,"column":8},"end":{"line":7,"column":33}},"2":{"start":{"line":8,"column":8},"end":{"line":8,"column":27}},"3":{"start":{"line":10,"column":0},"end":{"line":10,"column":null}}},"fnMap":{"0":{"name":"(anonymous_0)","decl":{"start":{"line":3,"column":0},"end":{"line":3,"column":null}},"loc":{"start":{"line":3,"column":0},"end":{"line":10,"column":null}}},"1":{"name":"CustomNotification","decl":{"start":{"line":6,"column":4},"end":{"line":6,"column":16}},"loc":{"start":{"line":6,"column":44},"end":{"line":9,"column":5}}}},"branchMap":{},"s":{"0":1,"1":2,"2":2,"3":1},"f":{"0":1,"1":2},"b":{}}
,"C:\\APRENDENDO\\desafio-qualicorp\\back-end\\src\\Domain\\Responses\\NotificationResponse.ts": {"path":"C:\\APRENDENDO\\desafio-qualicorp\\back-end\\src\\Domain\\Responses\\NotificationResponse.ts","statementMap":{"0":{"start":{"line":5,"column":0},"end":{"line":5,"column":null}},"1":{"start":{"line":11,"column":8},"end":{"line":11,"column":31}},"2":{"start":{"line":12,"column":8},"end":{"line":12,"column":34}},"3":{"start":{"line":13,"column":8},"end":{"line":13,"column":43}},"4":{"start":{"line":15,"column":0},"end":{"line":15,"column":null}}},"fnMap":{"0":{"name":"(anonymous_0)","decl":{"start":{"line":5,"column":0},"end":{"line":5,"column":null}},"loc":{"start":{"line":5,"column":0},"end":{"line":15,"column":null}}},"1":{"name":"Notifications","decl":{"start":{"line":10,"column":4},"end":{"line":10,"column":16}},"loc":{"start":{"line":10,"column":73},"end":{"line":14,"column":5}}}},"branchMap":{},"s":{"0":1,"1":4,"2":4,"3":4,"4":1},"f":{"0":1,"1":4},"b":{}}
,"C:\\APRENDENDO\\desafio-qualicorp\\back-end\\src\\Tests\\_Mocks\\ClienteRepository.mock.ts": {"path":"C:\\APRENDENDO\\desafio-qualicorp\\back-end\\src\\Tests\\_Mocks\\ClienteRepository.mock.ts","statementMap":{"0":{"start":{"line":3,"column":0},"end":{"line":3,"column":50}},"1":{"start":{"line":6,"column":0},"end":{"line":6,"column":null}},"2":{"start":{"line":8,"column":10},"end":{"line":32,"column":null}},"3":{"start":{"line":9,"column":12},"end":{"line":9,"column":29}},"4":{"start":{"line":11,"column":12},"end":{"line":11,"column":158}},"5":{"start":{"line":13,"column":8},"end":{"line":22,"column":11}},"6":{"start":{"line":18,"column":32},"end":{"line":18,"column":68}},"7":{"start":{"line":19,"column":16},"end":{"line":19,"column":34}},"8":{"start":{"line":24,"column":8},"end":{"line":31,"column":null}},"9":{"start":{"line":25,"column":12},"end":{"line":30,"column":null}},"10":{"start":{"line":34,"column":10},"end":{"line":59,"column":null}},"11":{"start":{"line":35,"column":12},"end":{"line":35,"column":29}},"12":{"start":{"line":37,"column":12},"end":{"line":37,"column":158}},"13":{"start":{"line":40,"column":8},"end":{"line":49,"column":11}},"14":{"start":{"line":45,"column":32},"end":{"line":45,"column":68}},"15":{"start":{"line":46,"column":16},"end":{"line":46,"column":34}},"16":{"start":{"line":51,"column":8},"end":{"line":58,"column":null}},"17":{"start":{"line":52,"column":12},"end":{"line":57,"column":null}},"18":{"start":{"line":61,"column":10},"end":{"line":84,"column":null}},"19":{"start":{"line":62,"column":12},"end":{"line":62,"column":29}},"20":{"start":{"line":65,"column":8},"end":{"line":74,"column":11}},"21":{"start":{"line":70,"column":32},"end":{"line":70,"column":68}},"22":{"start":{"line":71,"column":16},"end":{"line":71,"column":34}},"23":{"start":{"line":76,"column":8},"end":{"line":83,"column":null}},"24":{"start":{"line":77,"column":12},"end":{"line":82,"column":null}},"25":{"start":{"line":86,"column":10},"end":{"line":109,"column":null}},"26":{"start":{"line":87,"column":12},"end":{"line":87,"column":29}},"27":{"start":{"line":90,"column":8},"end":{"line":99,"column":11}},"28":{"start":{"line":95,"column":32},"end":{"line":95,"column":68}},"29":{"start":{"line":96,"column":16},"end":{"line":96,"column":34}},"30":{"start":{"line":101,"column":8},"end":{"line":108,"column":null}},"31":{"start":{"line":102,"column":12},"end":{"line":107,"column":null}},"32":{"start":{"line":111,"column":10},"end":{"line":142,"column":null}},"33":{"start":{"line":112,"column":12},"end":{"line":112,"column":29}},"34":{"start":{"line":114,"column":12},"end":{"line":114,"column":158}},"35":{"start":{"line":117,"column":8},"end":{"line":126,"column":11}},"36":{"start":{"line":122,"column":32},"end":{"line":122,"column":68}},"37":{"start":{"line":123,"column":16},"end":{"line":123,"column":34}},"38":{"start":{"line":128,"column":8},"end":{"line":141,"column":null}},"39":{"start":{"line":129,"column":12},"end":{"line":140,"column":null}},"40":{"start":{"line":134,"column":28},"end":{"line":136,"column":null}},"41":{"start":{"line":144,"column":10},"end":{"line":169,"column":null}},"42":{"start":{"line":145,"column":12},"end":{"line":145,"column":29}},"43":{"start":{"line":147,"column":12},"end":{"line":147,"column":158}},"44":{"start":{"line":150,"column":8},"end":{"line":159,"column":11}},"45":{"start":{"line":155,"column":32},"end":{"line":155,"column":68}},"46":{"start":{"line":156,"column":16},"end":{"line":156,"column":34}},"47":{"start":{"line":161,"column":8},"end":{"line":168,"column":null}},"48":{"start":{"line":162,"column":12},"end":{"line":167,"column":null}},"49":{"start":{"line":170,"column":0},"end":{"line":170,"column":null}}},"fnMap":{"0":{"name":"(anonymous_14)","decl":{"start":{"line":6,"column":0},"end":{"line":6,"column":null}},"loc":{"start":{"line":6,"column":0},"end":{"line":170,"column":null}}},"1":{"name":"(anonymous_16)","decl":{"start":{"line":8,"column":4},"end":{"line":8,"column":10}},"loc":{"start":{"line":8,"column":4},"end":{"line":32,"column":null}}},"2":{"name":"(anonymous_19)","decl":{"start":{"line":17,"column":17},"end":{"line":17,"column":18}},"loc":{"start":{"line":17,"column":30},"end":{"line":20,"column":13}}},"3":{"name":"(anonymous_20)","decl":{"start":{"line":24,"column":27},"end":{"line":24,"column":28}},"loc":{"start":{"line":24,"column":43},"end":{"line":31,"column":9}}},"4":{"name":"(anonymous_21)","decl":{"start":{"line":34,"column":4},"end":{"line":34,"column":10}},"loc":{"start":{"line":34,"column":28},"end":{"line":59,"column":null}}},"5":{"name":"(anonymous_24)","decl":{"start":{"line":44,"column":17},"end":{"line":44,"column":18}},"loc":{"start":{"line":44,"column":30},"end":{"line":47,"column":13}}},"6":{"name":"(anonymous_25)","decl":{"start":{"line":51,"column":27},"end":{"line":51,"column":28}},"loc":{"start":{"line":51,"column":43},"end":{"line":58,"column":9}}},"7":{"name":"(anonymous_26)","decl":{"start":{"line":61,"column":4},"end":{"line":61,"column":10}},"loc":{"start":{"line":61,"column":31},"end":{"line":84,"column":null}}},"8":{"name":"(anonymous_29)","decl":{"start":{"line":69,"column":17},"end":{"line":69,"column":18}},"loc":{"start":{"line":69,"column":30},"end":{"line":72,"column":13}}},"9":{"name":"(anonymous_30)","decl":{"start":{"line":76,"column":27},"end":{"line":76,"column":28}},"loc":{"start":{"line":76,"column":43},"end":{"line":83,"column":9}}},"10":{"name":"(anonymous_31)","decl":{"start":{"line":86,"column":4},"end":{"line":86,"column":10}},"loc":{"start":{"line":86,"column":28},"end":{"line":109,"column":null}}},"11":{"name":"(anonymous_34)","decl":{"start":{"line":94,"column":17},"end":{"line":94,"column":18}},"loc":{"start":{"line":94,"column":30},"end":{"line":97,"column":13}}},"12":{"name":"(anonymous_35)","decl":{"start":{"line":101,"column":27},"end":{"line":101,"column":28}},"loc":{"start":{"line":101,"column":43},"end":{"line":108,"column":9}}},"13":{"name":"(anonymous_36)","decl":{"start":{"line":111,"column":4},"end":{"line":111,"column":10}},"loc":{"start":{"line":111,"column":27},"end":{"line":142,"column":null}}},"14":{"name":"(anonymous_39)","decl":{"start":{"line":121,"column":17},"end":{"line":121,"column":18}},"loc":{"start":{"line":121,"column":30},"end":{"line":124,"column":13}}},"15":{"name":"(anonymous_40)","decl":{"start":{"line":128,"column":27},"end":{"line":128,"column":28}},"loc":{"start":{"line":128,"column":43},"end":{"line":141,"column":9}}},"16":{"name":"(anonymous_41)","decl":{"start":{"line":133,"column":31},"end":{"line":133,"column":null}},"loc":{"start":{"line":133,"column":31},"end":{"line":137,"column":25}}},"17":{"name":"(anonymous_42)","decl":{"start":{"line":144,"column":4},"end":{"line":144,"column":10}},"loc":{"start":{"line":144,"column":59},"end":{"line":169,"column":null}}},"18":{"name":"(anonymous_45)","decl":{"start":{"line":154,"column":17},"end":{"line":154,"column":18}},"loc":{"start":{"line":154,"column":30},"end":{"line":157,"column":13}}},"19":{"name":"(anonymous_46)","decl":{"start":{"line":161,"column":27},"end":{"line":161,"column":28}},"loc":{"start":{"line":161,"column":43},"end":{"line":168,"column":9}}}},"branchMap":{},"s":{"0":1,"1":1,"2":1,"3":1,"4":1,"5":1,"6":7,"7":7,"8":1,"9":1,"10":1,"11":3,"12":3,"13":3,"14":21,"15":21,"16":3,"17":3,"18":1,"19":1,"20":1,"21":7,"22":7,"23":1,"24":1,"25":1,"26":1,"27":1,"28":7,"29":7,"30":1,"31":1,"32":1,"33":1,"34":1,"35":1,"36":0,"37":0,"38":1,"39":1,"40":1,"41":1,"42":2,"43":2,"44":2,"45":0,"46":0,"47":2,"48":2,"49":1},"f":{"0":6,"1":1,"2":7,"3":1,"4":3,"5":21,"6":3,"7":1,"8":7,"9":1,"10":1,"11":7,"12":1,"13":1,"14":0,"15":1,"16":1,"17":2,"18":0,"19":2},"b":{}}
}
