TN:
SF:src\Application\Handlers\Clients\CreateClientHandler.ts
FN:13,(anonymous_18)
FN:17,CreateClientHandler
FN:21,(anonymous_20)
FNF:3
FNH:3
FNDA:1,(anonymous_18)
FNDA:1,CreateClientHandler
FNDA:2,(anonymous_20)
DA:4,1
DA:5,1
DA:6,1
DA:7,1
DA:8,1
DA:9,1
DA:10,1
DA:13,1
DA:18,1
DA:21,1
DA:22,2
DA:23,2
DA:25,2
DA:26,1
DA:28,1
DA:30,1
DA:31,0
DA:33,1
DA:34,1
DA:36,1
DA:39,1
LF:21
LH:20
BRDA:25,0,0,1
BRDA:25,0,1,1
BRDA:30,1,0,0
BRDA:30,1,1,1
BRF:4
BRH:3
end_of_record
TN:
SF:src\Application\Handlers\Clients\DeleteClientHandler.ts
FN:12,(anonymous_18)
FN:16,DeleteClientHandler
FN:20,(anonymous_20)
FNF:3
FNH:3
FNDA:1,(anonymous_18)
FNDA:1,DeleteClientHandler
FNDA:2,(anonymous_20)
DA:4,1
DA:5,1
DA:6,1
DA:7,1
DA:8,1
DA:9,1
DA:12,1
DA:17,1
DA:20,1
DA:22,2
DA:23,1
DA:25,1
DA:27,1
DA:28,0
DA:30,1
DA:32,1
DA:35,1
LF:17
LH:16
BRDA:22,0,0,1
BRDA:22,0,1,1
BRDA:27,1,0,0
BRDA:27,1,1,1
BRF:4
BRH:3
end_of_record
TN:
SF:src\Application\Handlers\Clients\GetAllClientsHandler.ts
FN:11,(anonymous_18)
FN:15,GetAllClientsHandler
FN:19,(anonymous_20)
FNF:3
FNH:3
FNDA:1,(anonymous_18)
FNDA:1,GetAllClientsHandler
FNDA:1,(anonymous_20)
DA:4,1
DA:5,1
DA:6,1
DA:7,1
DA:8,1
DA:11,1
DA:16,1
DA:19,1
DA:21,1
DA:23,1
DA:24,0
DA:26,1
DA:29,1
LF:13
LH:12
BRDA:23,0,0,0
BRDA:23,0,1,1
BRF:2
BRH:1
end_of_record
TN:
SF:src\Application\Handlers\Clients\GetClientByIdHandler.ts
FN:13,(anonymous_18)
FN:17,GetClientByIdHandler
FN:21,(anonymous_20)
FNF:3
FNH:3
FNDA:1,(anonymous_18)
FNDA:1,GetClientByIdHandler
FNDA:2,(anonymous_20)
DA:4,1
DA:5,1
DA:6,1
DA:7,1
DA:8,1
DA:9,1
DA:13,1
DA:18,1
DA:21,1
DA:23,2
DA:24,1
DA:26,1
DA:28,1
DA:29,0
DA:31,1
DA:34,1
LF:16
LH:15
BRDA:23,0,0,1
BRDA:23,0,1,1
BRDA:28,1,0,0
BRDA:28,1,1,1
BRF:4
BRH:3
end_of_record
TN:
SF:src\Application\Handlers\Clients\UpdateClientHandler.ts
FN:13,(anonymous_18)
FN:17,UpdateClientHandler
FN:21,(anonymous_20)
FNF:3
FNH:3
FNDA:1,(anonymous_18)
FNDA:1,UpdateClientHandler
FNDA:2,(anonymous_20)
DA:4,1
DA:5,1
DA:6,1
DA:7,1
DA:8,1
DA:9,1
DA:10,1
DA:13,1
DA:18,1
DA:21,1
DA:22,2
DA:24,2
DA:26,2
DA:27,1
DA:29,1
DA:31,1
DA:32,0
DA:35,1
DA:36,1
DA:38,1
DA:39,0
DA:42,1
DA:44,1
DA:46,1
DA:49,1
LF:25
LH:23
BRDA:42,0,0,1
BRDA:26,1,0,1
BRDA:26,1,1,1
BRDA:31,2,0,0
BRDA:31,2,1,1
BRDA:35,3,0,0
BRDA:35,3,1,1
BRDA:38,4,0,0
BRDA:38,4,1,1
BRF:9
BRH:6
end_of_record
TN:
SF:src\Application\Mappers\ClientMapper.ts
FN:3,ClientMapper
FN:6,(anonymous_2)
FNF:2
FNH:2
FNDA:8,ClientMapper
FNDA:6,(anonymous_2)
DA:2,1
DA:3,1
DA:4,8
DA:6,8
DA:8,6
DA:13,8
LF:6
LH:6
BRF:0
BRH:0
end_of_record
TN:
SF:src\CrossCutting\BooleanParse\index.ts
FN:1,ConvertStringToBoolean
FNF:1
FNH:1
FNDA:4,ConvertStringToBoolean
DA:1,1
DA:2,4
DA:4,2
DA:6,0
DA:8,2
LF:5
LH:4
BRDA:3,0,0,2
BRDA:3,0,1,0
BRDA:3,0,2,2
BRF:3
BRH:2
end_of_record
TN:
SF:src\CrossCutting\IoC\Types.ts
FNF:0
FNH:0
DA:1,1
DA:21,1
LF:2
LH:2
BRF:0
BRH:0
end_of_record
TN:
SF:src\Domain\Entities\BaseEntity.ts
FN:2,(anonymous_1)
FN:7,BaseEntity
FN:11,(anonymous_3)
FN:15,(anonymous_4)
FN:19,(anonymous_5)
FNF:5
FNH:4
FNDA:1,(anonymous_1)
FNDA:17,BaseEntity
FNDA:0,(anonymous_3)
FNDA:42,(anonymous_4)
FNDA:42,(anonymous_5)
DA:1,1
DA:2,1
DA:8,17
DA:11,1
DA:12,0
DA:15,1
DA:16,42
DA:19,1
DA:20,42
DA:21,0
DA:23,42
DA:26,1
LF:12
LH:10
BRDA:8,0,0,11
BRDA:8,0,1,6
BRDA:20,1,0,0
BRDA:20,1,1,42
BRDA:20,2,0,42
BRDA:20,2,1,42
BRF:6
BRH:5
end_of_record
TN:
SF:src\Domain\Entities\Client.ts
FN:9,(anonymous_9)
FN:26,CLient
FN:36,(anonymous_11)
FN:40,(anonymous_12)
FN:52,(anonymous_13)
FNF:5
FNH:5
FNDA:1,(anonymous_9)
FNDA:17,CLient
FNDA:42,(anonymous_11)
FNDA:42,(anonymous_12)
FNDA:4,(anonymous_13)
DA:2,1
DA:3,1
DA:4,1
DA:5,1
DA:7,1
DA:9,1
DA:12,1
DA:15,1
DA:18,1
DA:21,1
DA:24,1
DA:27,17
DA:28,17
DA:29,17
DA:30,17
DA:31,17
DA:32,17
DA:33,17
DA:36,1
DA:37,42
DA:40,1
DA:41,42
DA:52,1
DA:53,4
DA:55,4
DA:57,2
DA:62,1
LF:27
LH:27
BRDA:27,0,0,17
BRDA:27,0,1,17
BRDA:28,1,0,4
BRDA:28,1,1,13
BRDA:29,2,0,0
BRDA:29,2,1,17
BRDA:29,3,0,17
BRDA:29,3,1,17
BRDA:31,4,0,0
BRDA:31,4,1,17
BRDA:31,5,0,17
BRDA:31,5,1,17
BRDA:55,6,0,2
BRDA:55,6,1,2
BRF:14
BRH:12
end_of_record
TN:
SF:src\Domain\Responses\BasicResponse.ts
FN:3,(anonymous_0)
FN:9,BasicResponse
FNF:2
FNH:2
FNDA:1,(anonymous_0)
FNDA:9,BasicResponse
DA:3,1
DA:10,9
DA:11,9
DA:12,9
DA:13,9
DA:16,1
LF:6
LH:6
BRF:0
BRH:0
end_of_record
TN:
SF:src\Domain\Responses\CustomNotification.ts
FN:3,(anonymous_0)
FN:6,CustomNotification
FNF:2
FNH:2
FNDA:1,(anonymous_0)
FNDA:2,CustomNotification
DA:3,1
DA:7,2
DA:8,2
DA:10,1
LF:4
LH:4
BRF:0
BRH:0
end_of_record
TN:
SF:src\Domain\Responses\NotificationResponse.ts
FN:5,(anonymous_0)
FN:10,Notifications
FNF:2
FNH:2
FNDA:1,(anonymous_0)
FNDA:4,Notifications
DA:5,1
DA:11,4
DA:12,4
DA:13,4
DA:15,1
LF:5
LH:5
BRF:0
BRH:0
end_of_record
TN:
SF:src\Tests\_Mocks\ClienteRepository.mock.ts
FN:6,(anonymous_14)
FN:8,(anonymous_16)
FN:17,(anonymous_19)
FN:24,(anonymous_20)
FN:34,(anonymous_21)
FN:44,(anonymous_24)
FN:51,(anonymous_25)
FN:61,(anonymous_26)
FN:69,(anonymous_29)
FN:76,(anonymous_30)
FN:86,(anonymous_31)
FN:94,(anonymous_34)
FN:101,(anonymous_35)
FN:111,(anonymous_36)
FN:121,(anonymous_39)
FN:128,(anonymous_40)
FN:133,(anonymous_41)
FN:144,(anonymous_42)
FN:154,(anonymous_45)
FN:161,(anonymous_46)
FNF:20
FNH:18
FNDA:6,(anonymous_14)
FNDA:1,(anonymous_16)
FNDA:7,(anonymous_19)
FNDA:1,(anonymous_20)
FNDA:3,(anonymous_21)
FNDA:21,(anonymous_24)
FNDA:3,(anonymous_25)
FNDA:1,(anonymous_26)
FNDA:7,(anonymous_29)
FNDA:1,(anonymous_30)
FNDA:1,(anonymous_31)
FNDA:7,(anonymous_34)
FNDA:1,(anonymous_35)
FNDA:1,(anonymous_36)
FNDA:0,(anonymous_39)
FNDA:1,(anonymous_40)
FNDA:1,(anonymous_41)
FNDA:2,(anonymous_42)
FNDA:0,(anonymous_45)
FNDA:2,(anonymous_46)
DA:3,1
DA:6,1
DA:8,1
DA:9,1
DA:11,1
DA:13,1
DA:18,7
DA:19,7
DA:24,1
DA:25,1
DA:34,1
DA:35,3
DA:37,3
DA:40,3
DA:45,21
DA:46,21
DA:51,3
DA:52,3
DA:61,1
DA:62,1
DA:65,1
DA:70,7
DA:71,7
DA:76,1
DA:77,1
DA:86,1
DA:87,1
DA:90,1
DA:95,7
DA:96,7
DA:101,1
DA:102,1
DA:111,1
DA:112,1
DA:114,1
DA:117,1
DA:122,0
DA:123,0
DA:128,1
DA:129,1
DA:134,1
DA:144,1
DA:145,2
DA:147,2
DA:150,2
DA:155,0
DA:156,0
DA:161,2
DA:162,2
DA:170,1
LF:50
LH:46
BRF:0
BRH:0
end_of_record
